Running: C:\Xilinx\14.7\ISE_DS\ISE\bin\nt64\unwrapped\fuse.exe -intstyle ise -incremental -lib secureip -o E:/uni_master/course 1/VHDL/main project/I2C_Protocol_DAC63202/i2c_test_isim_beh.exe -prj E:/uni_master/course 1/VHDL/main project/I2C_Protocol_DAC63202/i2c_test_beh.prj work.i2c_test 
ISim P.20131013 (signature 0x7708f090)
Number of CPUs detected in this system: 20
Turning on mult-threading, number of parallel sub-compilation jobs: 40 
Determining compilation order of HDL files
Parsing VHDL file "E:/uni_master/course 1/VHDL/main project/I2C_Protocol_DAC63202/I2C_Protocol.vhd" into library work
Parsing VHDL file "E:/uni_master/course 1/VHDL/main project/I2C_Protocol_DAC63202/i2c_test.vhd" into library work
Starting static elaboration
Completed static elaboration
Compiling package standard
Compiling package std_logic_1164
Compiling package numeric_std
Compiling package std_logic_arith
Compiling package std_logic_unsigned
Compiling architecture behavioral of entity I2C_Protocol [i2c_protocol_default]
Compiling architecture behavior of entity i2c_test
Time Resolution for simulation is 1ps.
Compiled 8 VHDL Units
Built simulation executable E:/uni_master/course 1/VHDL/main project/I2C_Protocol_DAC63202/i2c_test_isim_beh.exe
Fuse Memory Usage: 38000 KB
Fuse CPU Usage: 328 ms
